<?xml version="1.0" encoding="UTF-8"?>
<!-- Generated by org.testng.reporters.JUnitReportReporter -->
<testsuite hostname="Amritas-MacBook-Pro.local" failures="0" tests="8" name="SalesForce.Test.ContactsTest" time="54.057" errors="0" timestamp="2025-05-27T23:03:28 EDT" skipped="0">
  <testcase classname="SalesForce.Test.ContactsTest" name="saveAndNewClick" time="6.923"/>
  <testcase classname="SalesForce.Test.ContactsTest" name="cancelButtonViewPage" time="6.586"/>
  <testcase classname="SalesForce.Test.ContactsTest" name="recentContactDisplay" time="5.772"/>
  <testcase classname="SalesForce.Test.ContactsTest" name="viewContactPage" time="6.319"/>
  <testcase classname="SalesForce.Test.ContactsTest" name="createNewContantsValidation" time="7.768"/>
  <testcase classname="SalesForce.Test.ContactsTest" name="ViewErrorMessage" time="6.817"/>
  <testcase classname="SalesForce.Test.ContactsTest" name="myContactlink" time="6.702"/>
  <testcase classname="SalesForce.Test.ContactsTest" name="createNewViewContact" time="7.170"/>
</testsuite> <!-- SalesForce.Test.ContactsTest -->
