<?xml version="1.0" encoding="UTF-8"?>
<!-- Generated by org.testng.reporters.JUnitReportReporter -->
<testsuite hostname="Amritas-MacBook-Pro.local" failures="0" tests="5" name="SalesForce.Test.LoginTest" time="24.355" errors="0" timestamp="2025-05-27T23:03:28 EDT" skipped="0">
  <testcase classname="SalesForce.Test.LoginTest" name="loginWithErrorMessage" time="3.519"/>
  <testcase classname="SalesForce.Test.LoginTest" name="loginWithValidDetails" time="5.808"/>
  <testcase classname="SalesForce.Test.LoginTest" name="rememberMeLogin" time="6.047"/>
  <testcase classname="SalesForce.Test.LoginTest" name="forgotPassword" time="5.217"/>
  <testcase classname="SalesForce.Test.LoginTest" name="loginWithInvalidDetails" time="3.764"/>
</testsuite> <!-- SalesForce.Test.LoginTest -->
