<?xml version="1.0" encoding="UTF-8"?>
<!-- Generated by org.testng.reporters.JUnitReportReporter -->
<testsuite hostname="Amritas-MacBook-Pro.local" failures="0" tests="5" name="SalesForce.Test.CreateOpyTest" time="33.680" errors="0" timestamp="2025-05-27T23:03:28 EDT" skipped="0">
  <testcase classname="SalesForce.Test.CreateOpyTest" name="pipelineReportValidation" time="7.148"/>
  <testcase classname="SalesForce.Test.CreateOpyTest" name="opportunityDropDownList" time="5.706"/>
  <testcase classname="SalesForce.Test.CreateOpyTest" name="quartlySummaryReportValidation" time="6.377"/>
  <testcase classname="SalesForce.Test.CreateOpyTest" name="stuckReportValidation" time="6.185"/>
  <testcase classname="SalesForce.Test.CreateOpyTest" name="newOpportunityCreation" time="8.264"/>
</testsuite> <!-- SalesForce.Test.CreateOpyTest -->
