<?xml version="1.0" encoding="UTF-8"?>
<!-- Generated by org.testng.reporters.JUnitReportReporter -->
<testsuite hostname="Amritas-MacBook-Pro.local" failures="0" tests="4" name="SalesForce.Test.UserMenuTest" time="30.216" errors="0" timestamp="2025-05-27T23:03:28 EDT" skipped="0">
  <testcase classname="SalesForce.Test.UserMenuTest" name="userDropDownList" time="6.019"/>
  <testcase classname="SalesForce.Test.UserMenuTest" name="mySettingOption" time="11.451"/>
  <testcase classname="SalesForce.Test.UserMenuTest" name="myConsoleDeveloperWindow" time="6.323"/>
  <testcase classname="SalesForce.Test.UserMenuTest" name="logoutSalesForce" time="6.423"/>
</testsuite> <!-- SalesForce.Test.UserMenuTest -->
