<?xml version="1.0" encoding="UTF-8"?>
<!-- Generated by org.testng.reporters.JUnitReportReporter -->
<testsuite hostname="Amritas-MacBook-Pro.local" failures="0" tests="5" name="SalesForce.Test.LeadsTest" time="37.119" errors="0" timestamp="2025-05-27T23:03:28 EDT" skipped="0">
  <testcase classname="SalesForce.Test.LeadsTest" name="clickOnLeadsHomePage" time="5.832"/>
  <testcase classname="SalesForce.Test.LeadsTest" name="leadsGoButton" time="10.672"/>
  <testcase classname="SalesForce.Test.LeadsTest" name="leadsSelectedOptionVisible" time="6.428"/>
  <testcase classname="SalesForce.Test.LeadsTest" name="leadsDropDownOptions" time="6.360"/>
  <testcase classname="SalesForce.Test.LeadsTest" name="leadsNewButton" time="7.827"/>
</testsuite> <!-- SalesForce.Test.LeadsTest -->
