<?xml version="1.0" encoding="UTF-8"?>
<!-- Generated by org.testng.reporters.JUnitReportReporter -->
<testsuite hostname="Amritas-MacBook-Pro.local" failures="0" tests="4" name="SalesForce.Test.RandomScenarioTest" time="38.285" errors="0" timestamp="2025-06-04T11:33:49 EDT" skipped="0">
  <testcase classname="SalesForce.Test.RandomScenarioTest" name="userNameLinkVerification" time="6.761"/>
  <testcase classname="SalesForce.Test.RandomScenarioTest" name="lastnameEditUpdateVerification" time="11.592"/>
  <testcase classname="SalesForce.Test.RandomScenarioTest" name="allAvailableTabsVerification" time="11.854"/>
  <testcase classname="SalesForce.Test.RandomScenarioTest" name="calenderEventBlockValidation" time="8.078"/>
</testsuite> <!-- SalesForce.Test.RandomScenarioTest -->
