<?xml version="1.0" encoding="UTF-8"?>
<!-- Generated by org.testng.reporters.JUnitReportReporter -->
<testsuite hostname="Amritas-MacBook-Pro.local" failures="0" tests="5" name="SalesForce.Test.LoginTest" time="22.289" errors="0" timestamp="2025-06-02T10:47:44 EDT" skipped="0">
  <testcase classname="SalesForce.Test.LoginTest" name="loginWithErrorMessage" time="3.540"/>
  <testcase classname="SalesForce.Test.LoginTest" name="loginWithValidDetails" time="4.641"/>
  <testcase classname="SalesForce.Test.LoginTest" name="rememberMeLogin" time="6.269"/>
  <testcase classname="SalesForce.Test.LoginTest" name="forgotPassword" time="4.611"/>
  <testcase classname="SalesForce.Test.LoginTest" name="loginWithInvalidDetails" time="3.228"/>
</testsuite> <!-- SalesForce.Test.LoginTest -->
