<?xml version="1.0" encoding="UTF-8"?>
<!-- Generated by org.testng.reporters.JUnitReportReporter -->
<testsuite hostname="Amritas-MacBook-Pro.local" failures="0" tests="5" name="SalesForce.Test.LeadsTest" time="38.341" errors="0" timestamp="2025-06-02T10:47:44 EDT" skipped="0">
  <testcase classname="SalesForce.Test.LeadsTest" name="clickOnLeadsHomePage" time="5.849"/>
  <testcase classname="SalesForce.Test.LeadsTest" name="leadsSelectedOptionVisible" time="6.863"/>
  <testcase classname="SalesForce.Test.LeadsTest" name="leadsNewButton" time="8.883"/>
  <testcase classname="SalesForce.Test.LeadsTest" name="leadsDropDownOptions" time="5.585"/>
  <testcase classname="SalesForce.Test.LeadsTest" name="leadsGoButton" time="11.161"/>
</testsuite> <!-- SalesForce.Test.LeadsTest -->
