<?xml version="1.0" encoding="UTF-8"?>
<!-- Generated by org.testng.reporters.JUnitReportReporter -->
<testsuite hostname="Amritas-MacBook-Pro.local" failures="0" tests="2" name="SalesForce.Test.CreateAccountTest" time="15.113" errors="0" timestamp="2025-05-27T23:03:28 EDT" skipped="0">
  <testcase classname="SalesForce.Test.CreateAccountTest" name="newAccountCreate" time="7.840"/>
  <testcase classname="SalesForce.Test.CreateAccountTest" name="newAccountView" time="7.273"/>
</testsuite> <!-- SalesForce.Test.CreateAccountTest -->
