<?xml version="1.0" encoding="UTF-8"?>
<!-- Generated by org.testng.reporters.JUnitReportReporter -->
<testsuite hostname="Amritas-MacBook-Pro.local" failures="0" tests="3" name="SalesForce.Test.RandomScenarioTest" time="26.936" errors="0" timestamp="2025-06-03T17:48:24 EDT" skipped="0">
  <testcase classname="SalesForce.Test.RandomScenarioTest" name="userNameLinkVerification" time="6.876"/>
  <testcase classname="SalesForce.Test.RandomScenarioTest" name="lastnameEditUpdateVerification" time="11.375"/>
  <testcase classname="SalesForce.Test.RandomScenarioTest" name="allAvailableTabsVerification" time="8.685"/>
</testsuite> <!-- SalesForce.Test.RandomScenarioTest -->
