<?xml version="1.0" encoding="UTF-8"?>
<!-- Generated by org.testng.reporters.JUnitReportReporter -->
<testsuite hostname="Amritas-MacBook-Pro.local" failures="0" tests="5" name="SalesForce.Test.LoginTest" time="23.004" errors="0" timestamp="29 May 2025 19:24:37 GMT">
  <testcase classname="SalesForce.Test.LoginTest" name="loginWithErrorMessage" time="3.398"/>
  <testcase classname="SalesForce.Test.LoginTest" name="loginWithInvalidDetails" time="3.386"/>
  <testcase classname="SalesForce.Test.LoginTest" name="rememberMeLogin" time="6.061"/>
  <testcase classname="SalesForce.Test.LoginTest" name="loginWithValidDetails" time="4.879"/>
  <testcase classname="SalesForce.Test.LoginTest" name="forgotPassword" time="5.280"/>
</testsuite> <!-- SalesForce.Test.LoginTest -->
