<?xml version="1.0" encoding="UTF-8"?>
<!-- Generated by org.testng.reporters.JUnitReportReporter -->
<testsuite hostname="Amritas-MacBook-Pro.local" failures="0" tests="4" name="SalesForce.Test.UserMenuTest" time="26.915" errors="0" timestamp="29 May 2025 19:24:37 GMT">
  <testcase classname="SalesForce.Test.UserMenuTest" name="myConsoleDeveloperWindow" time="5.609"/>
  <testcase classname="SalesForce.Test.UserMenuTest" name="mySettingOption" time="10.652"/>
  <testcase classname="SalesForce.Test.UserMenuTest" name="userDropDownList" time="4.806"/>
  <testcase classname="SalesForce.Test.UserMenuTest" name="logoutSalesForce" time="5.848"/>
</testsuite> <!-- SalesForce.Test.UserMenuTest -->
